  FINAL_TEAMPROJECT.cpp
G:\ComputerGraphics\FINAL_TEAMPROJECT.cpp(244,12): warning C4244: '초기화 중': 'double'에서 'float'(으)로 변환하면서 데이터가 손실될 수 있습니다.
G:\ComputerGraphics\FINAL_TEAMPROJECT.cpp(245,12): warning C4244: '초기화 중': 'double'에서 'float'(으)로 변환하면서 데이터가 손실될 수 있습니다.
G:\ComputerGraphics\FINAL_TEAMPROJECT.cpp(246,12): warning C4244: '초기화 중': 'double'에서 'float'(으)로 변환하면서 데이터가 손실될 수 있습니다.
G:\ComputerGraphics\FINAL_TEAMPROJECT.cpp(247,16): warning C4244: '초기화 중': 'double'에서 'float'(으)로 변환하면서 데이터가 손실될 수 있습니다.
G:\ComputerGraphics\FINAL_TEAMPROJECT.cpp(271,13): warning C4244: '초기화 중': 'double'에서 'float'(으)로 변환하면서 데이터가 손실될 수 있습니다.
G:\ComputerGraphics\FINAL_TEAMPROJECT.cpp(272,13): warning C4244: '초기화 중': 'double'에서 'float'(으)로 변환하면서 데이터가 손실될 수 있습니다.
G:\ComputerGraphics\FINAL_TEAMPROJECT.cpp(273,13): warning C4244: '초기화 중': 'double'에서 'float'(으)로 변환하면서 데이터가 손실될 수 있습니다.
G:\ComputerGraphics\FINAL_TEAMPROJECT.cpp(274,12): warning C4244: '초기화 중': 'double'에서 'float'(으)로 변환하면서 데이터가 손실될 수 있습니다.
G:\ComputerGraphics\FINAL_TEAMPROJECT.cpp(303,12): warning C4244: '초기화 중': 'int'에서 'float'(으)로 변환하면서 데이터가 손실될 수 있습니다.
G:\ComputerGraphics\FINAL_TEAMPROJECT.cpp(304,12): warning C4244: '초기화 중': 'int'에서 'float'(으)로 변환하면서 데이터가 손실될 수 있습니다.
G:\ComputerGraphics\FINAL_TEAMPROJECT.cpp(305,12): warning C4244: '초기화 중': 'double'에서 'float'(으)로 변환하면서 데이터가 손실될 수 있습니다.
G:\ComputerGraphics\FINAL_TEAMPROJECT.cpp(307,13): warning C4244: '초기화 중': 'double'에서 'float'(으)로 변환하면서 데이터가 손실될 수 있습니다.
G:\ComputerGraphics\FINAL_TEAMPROJECT.cpp(308,17): warning C4244: '초기화 중': 'double'에서 'float'(으)로 변환하면서 데이터가 손실될 수 있습니다.
G:\ComputerGraphics\FINAL_TEAMPROJECT.cpp(591,24): warning C4305: '-=': 'double'에서 'float'(으)로 잘립니다.
G:\ComputerGraphics\FINAL_TEAMPROJECT.cpp(597,24): warning C4305: '-=': 'double'에서 'float'(으)로 잘립니다.
G:\ComputerGraphics\FINAL_TEAMPROJECT.cpp(604,25): warning C4305: '+=': 'double'에서 'float'(으)로 잘립니다.
G:\ComputerGraphics\FINAL_TEAMPROJECT.cpp(611,25): warning C4305: '+=': 'double'에서 'float'(으)로 잘립니다.
G:\ComputerGraphics\FINAL_TEAMPROJECT.cpp(618,25): warning C4305: '+=': 'double'에서 'float'(으)로 잘립니다.
G:\ComputerGraphics\FINAL_TEAMPROJECT.cpp(626,24): warning C4305: '+=': 'double'에서 'float'(으)로 잘립니다.
G:\ComputerGraphics\FINAL_TEAMPROJECT.cpp(638,25): warning C4305: '+=': 'double'에서 'float'(으)로 잘립니다.
G:\ComputerGraphics\FINAL_TEAMPROJECT.cpp(645,25): warning C4305: '-=': 'double'에서 'float'(으)로 잘립니다.
G:\ComputerGraphics\FINAL_TEAMPROJECT.cpp(652,25): warning C4305: '-=': 'double'에서 'float'(으)로 잘립니다.
G:\ComputerGraphics\FINAL_TEAMPROJECT.cpp(659,25): warning C4305: '-=': 'double'에서 'float'(으)로 잘립니다.
G:\ComputerGraphics\FINAL_TEAMPROJECT.cpp(703,31): warning C4305: '인수': 'double'에서 'GLclampf'(으)로 잘립니다.
G:\ComputerGraphics\FINAL_TEAMPROJECT.cpp(703,23): warning C4305: '인수': 'double'에서 'GLclampf'(으)로 잘립니다.
G:\ComputerGraphics\FINAL_TEAMPROJECT.cpp(703,15): warning C4305: '인수': 'double'에서 'GLclampf'(으)로 잘립니다.
G:\ComputerGraphics\FINAL_TEAMPROJECT.cpp(953,47): warning C4305: '인수': 'double'에서 'GLfloat'(으)로 잘립니다.
G:\ComputerGraphics\FINAL_TEAMPROJECT.cpp(953,37): warning C4305: '인수': 'double'에서 'GLfloat'(으)로 잘립니다.
G:\ComputerGraphics\FINAL_TEAMPROJECT.cpp(975,47): warning C4305: '인수': 'double'에서 'GLfloat'(으)로 잘립니다.
G:\ComputerGraphics\FINAL_TEAMPROJECT.cpp(975,37): warning C4305: '인수': 'double'에서 'GLfloat'(으)로 잘립니다.
G:\ComputerGraphics\FINAL_TEAMPROJECT.cpp(996,46): warning C4305: '인수': 'double'에서 'GLfloat'(으)로 잘립니다.
G:\ComputerGraphics\FINAL_TEAMPROJECT.cpp(996,36): warning C4305: '인수': 'double'에서 'GLfloat'(으)로 잘립니다.
G:\ComputerGraphics\FINAL_TEAMPROJECT.cpp(1327,53): warning C4305: '인수': 'double'에서 'GLfloat'(으)로 잘립니다.
G:\ComputerGraphics\FINAL_TEAMPROJECT.cpp(1327,43): warning C4305: '인수': 'double'에서 'GLfloat'(으)로 잘립니다.
G:\ComputerGraphics\FINAL_TEAMPROJECT.cpp(1327,33): warning C4305: '인수': 'double'에서 'GLfloat'(으)로 잘립니다.
  코드를 생성하고 있습니다.
  2 of 579 functions ( 0.3%) were compiled, the rest were copied from previous compilation.
    0 functions were new in current compilation
    10 functions had inline decision re-evaluated but remain unchanged
  코드를 생성했습니다.
  ComputerGraphics.vcxproj -> G:\ComputerGraphics\Release\ComputerGraphics.exe
